Unity Editor version:    2021.1.26f1 (6f076387c01d)
Branch:                  2021.1/staging
Build type:              Release
Batch mode:              YES
macOS version:           Version 11.6 (Build 20G165)
Darwin version:          20.6.0
Architecture:            x86_64
Running under Rosetta:   NO
Available memory:        8192 MB
Using pre-set license
Pro License: NO
Pro License: NO

COMMAND LINE ARGUMENTS:
/Applications/Unity/2021.1.26f1/Unity.app/Contents/MacOS/Unity
-adb2
-batchMode
-noUpm
-name
AssetImportWorker1
-projectPath
/Users/vasu_patel/Desktop/Unity Project/GlobeTrotter
-logFile
Logs/AssetImportWorker1.log
-srvPort
49374
Successfully changed project path to: /Users/vasu_patel/Desktop/Unity Project/GlobeTrotter
/Users/vasu_patel/Desktop/Unity Project/GlobeTrotter
Using Asset Import Pipeline V2.
Refreshing native plugins compatible for Editor in 269.70 ms, found 5 plugins.
Preloading 0 native plugins for Editor in 0.00 ms.
Initialize engine version: 2021.1.26f1 (6f076387c01d)
[Subsystems] Discovering subsystems at path /Applications/Unity/2021.1.26f1/Unity.app/Contents/Resources/UnitySubsystems
[Subsystems] Discovering subsystems at path /Users/vasu_patel/Desktop/Unity Project/GlobeTrotter/Assets
GfxDevice: creating device client; threaded=0; jobified=0
2021-11-05 18:13:01.798 Unity[737:10057] Color LCD preferred device: Intel(R) UHD Graphics 617 (low power)
2021-11-05 18:13:01.798 Unity[737:10057] Metal devices available: 1
2021-11-05 18:13:01.798 Unity[737:10057] 0: Intel(R) UHD Graphics 617 (low power)
2021-11-05 18:13:01.799 Unity[737:10057] Using device Intel(R) UHD Graphics 617 (low power)
Initializing Metal device caps: Intel(R) UHD Graphics 617
Initialize mono
Mono path[0] = '/Applications/Unity/2021.1.26f1/Unity.app/Contents/Managed'
Mono path[1] = '/Applications/Unity/2021.1.26f1/Unity.app/Contents/MonoBleedingEdge/lib/mono/unityjit'
Mono config path = '/Applications/Unity/2021.1.26f1/Unity.app/Contents/MonoBleedingEdge/etc'
Using monoOptions --debugger-agent=transport=dt_socket,embedding=1,server=y,suspend=n,address=127.0.0.1:56737
Begin MonoManager ReloadAssembly
Registering precompiled unity dll's ...
Register platform support module: /Applications/Unity/2021.1.26f1/PlaybackEngines/WebGLSupport/UnityEditor.WebGL.Extensions.dll
Register platform support module: /Applications/Unity/2021.1.26f1/Unity.app/Contents/PlaybackEngines/MacStandaloneSupport/UnityEditor.OSXStandalone.Extensions.dll
Registered in 0.001310 seconds.
Native extension for OSXStandalone target not found
Native extension for WebGL target not found
Refreshing native plugins compatible for Editor in 231.64 ms, found 5 plugins.
Preloading 0 native plugins for Editor in 0.00 ms.
Mono: successfully reloaded assembly
- Completed reload, in  5.648 seconds
Domain Reload Profiling:
	ReloadAssembly (5648ms)
		BeginReloadAssembly (144ms)
			ExecutionOrderSort (0ms)
			DisableScriptedObjects (0ms)
			BackupInstance (0ms)
			ReleaseScriptingObjects (0ms)
			CreateAndSetChildDomain (1ms)
		EndReloadAssembly (1175ms)
			LoadAssemblies (143ms)
			RebuildTransferFunctionScriptingTraits (0ms)
			SetupTypeCache (399ms)
			ReleaseScriptCaches (0ms)
			RebuildScriptCaches (86ms)
			SetupLoadedEditorAssemblies (576ms)
				LogAssemblyErrors (0ms)
				InitializePlatformSupportModulesInManaged (19ms)
				SetLoadedEditorAssemblies (1ms)
				RefreshPlugins (232ms)
				BeforeProcessingInitializeOnLoad (3ms)
				ProcessInitializeOnLoadAttributes (263ms)
				ProcessInitializeOnLoadMethodAttributes (58ms)
				AfterProcessingInitializeOnLoad (0ms)
				EditorAssembliesLoaded (0ms)
			ExecutionOrderSort2 (0ms)
			AwakeInstancesAfterBackupRestoration (0ms)
Platform modules already initialized, skipping
Registering precompiled user dll's ...
Registered in 0.010631 seconds.
Begin MonoManager ReloadAssembly
Symbol file LoadedFromMemory doesn't match image /Users/vasu_patel/Desktop/Unity Project/GlobeTrotter/Library/PackageCache/com.unity.visualscripting@1.6.1/Editor/VisualScripting.Core/Dependencies/DotNetZip/Unity.VisualScripting.IonicZip.dll
Symbol file LoadedFromMemory doesn't match image /Users/vasu_patel/Desktop/Unity Project/GlobeTrotter/Library/PackageCache/com.unity.visualscripting@1.6.1/Editor/VisualScripting.Core/Dependencies/YamlDotNet/Unity.VisualScripting.YamlDotNet.dll
Native extension for OSXStandalone target not found
Native extension for WebGL target not found
Refreshing native plugins compatible for Editor in 223.56 ms, found 5 plugins.
Preloading 0 native plugins for Editor in 0.01 ms.
Mono: successfully reloaded assembly
- Completed reload, in  3.199 seconds
Domain Reload Profiling:
	ReloadAssembly (3200ms)
		BeginReloadAssembly (293ms)
			ExecutionOrderSort (0ms)
			DisableScriptedObjects (9ms)
			BackupInstance (0ms)
			ReleaseScriptingObjects (0ms)
			CreateAndSetChildDomain (64ms)
		EndReloadAssembly (2783ms)
			LoadAssemblies (235ms)
			RebuildTransferFunctionScriptingTraits (0ms)
			SetupTypeCache (877ms)
			ReleaseScriptCaches (1ms)
			RebuildScriptCaches (186ms)
			SetupLoadedEditorAssemblies (1044ms)
				LogAssemblyErrors (0ms)
				InitializePlatformSupportModulesInManaged (9ms)
				SetLoadedEditorAssemblies (0ms)
				RefreshPlugins (224ms)
				BeforeProcessingInitializeOnLoad (140ms)
				ProcessInitializeOnLoadAttributes (597ms)
				ProcessInitializeOnLoadMethodAttributes (70ms)
				AfterProcessingInitializeOnLoad (3ms)
				EditorAssembliesLoaded (0ms)
			ExecutionOrderSort2 (0ms)
			AwakeInstancesAfterBackupRestoration (19ms)
Platform modules already initialized, skipping
========================================================================
Worker process is ready to serve import requests
Launching external process: /Applications/Unity/2021.1.26f1/Unity.app/Contents/Tools/UnityShaderCompiler
Launched and connected shader compiler UnityShaderCompiler after 0.04 seconds
Refreshing native plugins compatible for Editor in 1.86 ms, found 5 plugins.
Preloading 0 native plugins for Editor in 0.00 ms.
Unloading 3935 Unused Serialized files (Serialized files now loaded: 0)
System memory in use before: 281.4 MB.
System memory in use after: 281.2 MB.

Unloading 60 unused Assets to reduce memory usage. Loaded Objects now: 4375.
Total: 7.051225 ms (FindLiveObjects: 0.484647 ms CreateObjectMapping: 0.548461 ms MarkObjects: 5.371746 ms  DeleteObjects: 0.644626 ms)

AssetImportParameters requested are different than current active one (requested -> active):
  custom:video-decoder-ogg-theora: a1e56fd34408186e4bbccfd4996cb3dc -> 
  custom:container-muxer-webm: aa71ff27fc2769a1b78a27578f13a17b -> 
  custom:container-demuxer-webm: 4f35f7cbe854078d1ac9338744f61a02 -> 
  custom:container-demuxer-ogg: 62fdf1f143b41e24485cea50d1cbac27 -> 
  custom:video-encoder-webm-vp8: eb34c28f22e8b96e1ab97ce403110664 -> 
  custom:framework-osx-AVFoundation: e770b220cccbd017edd2c1fefb359320 -> 
  custom:video-decoder-webm-vp8: 9c59270c3fd7afecdb556c50c9e8de78 -> 
  custom:audio-decoder-ogg-vorbis: bf7c407c2cedff20999df2af8eb42d56 -> 
  custom:audio-encoder-webm-vorbis: bf7c407c2cedff20999df2af8eb42d56 -> 
========================================================================
Received Import Request.
  path: Assets/All Assets/Pixel Adventure 1/Assets/Terrain/Terrain Sliced (16x16).png
  artifactKey: Guid(fc584d329b77b9545b9c9c8bb829e553) Importer(815301076,1909f56bfc062723c751e8b465ee728b)
Start importing Assets/All Assets/Pixel Adventure 1/Assets/Terrain/Terrain Sliced (16x16).png using Guid(fc584d329b77b9545b9c9c8bb829e553) Importer(815301076,1909f56bfc062723c751e8b465ee728b)  -> (artifact id: '9504ff522605677b63298d7f76f76b83') in 2.970616 seconds 
========================================================================
Received Import Request.
  Time since last request: 0.000479 seconds.
  path: Assets/All Assets/Pixel Adventure 1/Assets/Background/Blue.png
  artifactKey: Guid(8049ea91a9d5fca4dab4024c0915dbe6) Importer(815301076,1909f56bfc062723c751e8b465ee728b)
Start importing Assets/All Assets/Pixel Adventure 1/Assets/Background/Blue.png using Guid(8049ea91a9d5fca4dab4024c0915dbe6) Importer(815301076,1909f56bfc062723c751e8b465ee728b)  -> (artifact id: '1a1a465df59e934b5bc9a99d9fd4200b') in 0.090239 seconds 
========================================================================
Received Import Request.
  Time since last request: 0.000327 seconds.
  path: Assets/All Assets/Pixel Adventure 1/Assets/Background/Yellow.png
  artifactKey: Guid(4d8c75a4d7dd2a0489270e1058d82128) Importer(815301076,1909f56bfc062723c751e8b465ee728b)
Start importing Assets/All Assets/Pixel Adventure 1/Assets/Background/Yellow.png using Guid(4d8c75a4d7dd2a0489270e1058d82128) Importer(815301076,1909f56bfc062723c751e8b465ee728b)  -> (artifact id: 'ec67d12bd8fa60d66705c8ad02245339') in 0.086349 seconds 
========================================================================
Received Import Request.
  Time since last request: 0.000332 seconds.
  path: Assets/All Assets/Pixel Adventure 1/Assets/Main Characters/Appearing (96x96).png
  artifactKey: Guid(3421078018dc3934a8c1ab3b7bf89aa0) Importer(815301076,1909f56bfc062723c751e8b465ee728b)
Start importing Assets/All Assets/Pixel Adventure 1/Assets/Main Characters/Appearing (96x96).png using Guid(3421078018dc3934a8c1ab3b7bf89aa0) Importer(815301076,1909f56bfc062723c751e8b465ee728b)  -> (artifact id: '8afbfca41a309bfdf25151873623e927') in 0.086302 seconds 
========================================================================
Received Import Request.
  Time since last request: 0.001354 seconds.
  path: Assets/All Assets/Pixel Adventure 1/Assets/Background/Pink.png
  artifactKey: Guid(348c3b734b11d3b4aa5c69e25b7113e6) Importer(815301076,1909f56bfc062723c751e8b465ee728b)
Start importing Assets/All Assets/Pixel Adventure 1/Assets/Background/Pink.png using Guid(348c3b734b11d3b4aa5c69e25b7113e6) Importer(815301076,1909f56bfc062723c751e8b465ee728b)  -> (artifact id: '74e6d44a9ec392ffdac0b7eb6a869336') in 0.196979 seconds 
========================================================================
Received Prepare
Refreshing native plugins compatible for Editor in 21.15 ms, found 5 plugins.
Preloading 0 native plugins for Editor in 0.00 ms.
Unloading 46 Unused Serialized files (Serialized files now loaded: 0)
System memory in use before: 212.8 MB.
System memory in use after: 212.6 MB.

Unloading 46 unused Assets to reduce memory usage. Loaded Objects now: 4391.
Total: 12.865803 ms (FindLiveObjects: 0.761783 ms CreateObjectMapping: 0.503422 ms MarkObjects: 10.993672 ms  DeleteObjects: 0.605101 ms)

AssetImportParameters requested are different than current active one (requested -> active):
  custom:video-decoder-ogg-theora: a1e56fd34408186e4bbccfd4996cb3dc -> 
  custom:container-muxer-webm: aa71ff27fc2769a1b78a27578f13a17b -> 
  custom:container-demuxer-webm: 4f35f7cbe854078d1ac9338744f61a02 -> 
  custom:container-demuxer-ogg: 62fdf1f143b41e24485cea50d1cbac27 -> 
  custom:video-encoder-webm-vp8: eb34c28f22e8b96e1ab97ce403110664 -> 
  custom:framework-osx-AVFoundation: e770b220cccbd017edd2c1fefb359320 -> 
  custom:video-decoder-webm-vp8: 9c59270c3fd7afecdb556c50c9e8de78 -> 
  custom:audio-decoder-ogg-vorbis: bf7c407c2cedff20999df2af8eb42d56 -> 
  custom:audio-encoder-webm-vorbis: bf7c407c2cedff20999df2af8eb42d56 -> 
